CRITICAL - 2022-05-28 02:03:55 --> Invalid file: update-regular-customer.php
#0 C:\xampp\htdocs\backend\backend\system\View\View.php(198): CodeIgniter\Exceptions\FrameworkException::forInvalidFile('update-regular-...')
#1 C:\xampp\htdocs\backend\backend\system\Common.php(1089): CodeIgniter\View\View->render('update-regular-...', Array, true)
#2 C:\xampp\htdocs\backend\backend\app\Controllers\UpRegularCust.php(9): view('update-regular-...')
#3 C:\xampp\htdocs\backend\backend\system\CodeIgniter.php(832): App\Controllers\UpRegularCust->index()
#4 C:\xampp\htdocs\backend\backend\system\CodeIgniter.php(419): CodeIgniter\CodeIgniter->runController(Object(App\Controllers\UpRegularCust))
#5 C:\xampp\htdocs\backend\backend\system\CodeIgniter.php(326): CodeIgniter\CodeIgniter->handleRequest(NULL, Object(Config\Cache), false)
#6 C:\xampp\htdocs\backend\backend\public\index.php(37): CodeIgniter\CodeIgniter->run()
#7 C:\xampp\htdocs\backend\backend\system\Commands\Server\rewrite.php(43): require_once('C:\\xampp\\htdocs...')
#8 {main}
CRITICAL - 2022-05-28 02:11:11 --> Invalid file: followup_pro/nms.php
#0 C:\xampp\htdocs\backend\backend\system\View\View.php(198): CodeIgniter\Exceptions\FrameworkException::forInvalidFile('followup_pro/nm...')
#1 C:\xampp\htdocs\backend\backend\system\Common.php(1089): CodeIgniter\View\View->render('followup_pro/nm...', Array, true)
#2 C:\xampp\htdocs\backend\backend\app\Controllers\FollowupPro.php(14): view('followup_pro/nm...')
#3 C:\xampp\htdocs\backend\backend\system\CodeIgniter.php(832): App\Controllers\FollowupPro->nms()
#4 C:\xampp\htdocs\backend\backend\system\CodeIgniter.php(419): CodeIgniter\CodeIgniter->runController(Object(App\Controllers\FollowupPro))
#5 C:\xampp\htdocs\backend\backend\system\CodeIgniter.php(326): CodeIgniter\CodeIgniter->handleRequest(NULL, Object(Config\Cache), false)
#6 C:\xampp\htdocs\backend\backend\public\index.php(37): CodeIgniter\CodeIgniter->run()
#7 C:\xampp\htdocs\backend\backend\system\Commands\Server\rewrite.php(43): require_once('C:\\xampp\\htdocs...')
#8 {main}
CRITICAL - 2022-05-28 02:12:00 --> Invalid file: followup_pro/nms.php
#0 C:\xampp\htdocs\backend\backend\system\View\View.php(198): CodeIgniter\Exceptions\FrameworkException::forInvalidFile('followup_pro/nm...')
#1 C:\xampp\htdocs\backend\backend\system\Common.php(1089): CodeIgniter\View\View->render('followup_pro/nm...', Array, true)
#2 C:\xampp\htdocs\backend\backend\app\Controllers\FollowupPro.php(14): view('followup_pro/nm...')
#3 C:\xampp\htdocs\backend\backend\system\CodeIgniter.php(832): App\Controllers\FollowupPro->nms()
#4 C:\xampp\htdocs\backend\backend\system\CodeIgniter.php(419): CodeIgniter\CodeIgniter->runController(Object(App\Controllers\FollowupPro))
#5 C:\xampp\htdocs\backend\backend\system\CodeIgniter.php(326): CodeIgniter\CodeIgniter->handleRequest(NULL, Object(Config\Cache), false)
#6 C:\xampp\htdocs\backend\backend\public\index.php(37): CodeIgniter\CodeIgniter->run()
#7 C:\xampp\htdocs\backend\backend\system\Commands\Server\rewrite.php(43): require_once('C:\\xampp\\htdocs...')
#8 {main}
CRITICAL - 2022-05-28 02:14:04 --> Invalid file: followup_pro/nms.php
#0 C:\xampp\htdocs\backend\backend\system\View\View.php(198): CodeIgniter\Exceptions\FrameworkException::forInvalidFile('followup_pro/nm...')
#1 C:\xampp\htdocs\backend\backend\system\Common.php(1089): CodeIgniter\View\View->render('followup_pro/nm...', Array, true)
#2 C:\xampp\htdocs\backend\backend\app\Controllers\FollowupPro.php(14): view('followup_pro/nm...')
#3 C:\xampp\htdocs\backend\backend\system\CodeIgniter.php(832): App\Controllers\FollowupPro->nms()
#4 C:\xampp\htdocs\backend\backend\system\CodeIgniter.php(419): CodeIgniter\CodeIgniter->runController(Object(App\Controllers\FollowupPro))
#5 C:\xampp\htdocs\backend\backend\system\CodeIgniter.php(326): CodeIgniter\CodeIgniter->handleRequest(NULL, Object(Config\Cache), false)
#6 C:\xampp\htdocs\backend\backend\public\index.php(37): CodeIgniter\CodeIgniter->run()
#7 C:\xampp\htdocs\backend\backend\system\Commands\Server\rewrite.php(43): require_once('C:\\xampp\\htdocs...')
#8 {main}
