CRITICAL - 2022-06-03 02:23:24 --> Undefined variable: data
#0 C:\Users\ASUS\Downloads\Telegram Desktop\backend\backend\app\Views\dashboard.php(41): CodeIgniter\Debug\Exceptions->errorHandler(8, 'Undefined varia...', 'C:\\Users\\ASUS\\D...', 41, Array)
#1 C:\Users\ASUS\Downloads\Telegram Desktop\backend\backend\system\View\View.php(210): include('C:\\Users\\ASUS\\D...')
#2 C:\Users\ASUS\Downloads\Telegram Desktop\backend\backend\system\View\View.php(213): CodeIgniter\View\View->CodeIgniter\View\{closure}()
#3 C:\Users\ASUS\Downloads\Telegram Desktop\backend\backend\system\Common.php(1089): CodeIgniter\View\View->render('dashboard', Array, true)
#4 C:\Users\ASUS\Downloads\Telegram Desktop\backend\backend\app\Controllers\Dashboard.php(9): view('dashboard')
#5 C:\Users\ASUS\Downloads\Telegram Desktop\backend\backend\system\CodeIgniter.php(832): App\Controllers\Dashboard->index()
#6 C:\Users\ASUS\Downloads\Telegram Desktop\backend\backend\system\CodeIgniter.php(419): CodeIgniter\CodeIgniter->runController(Object(App\Controllers\Dashboard))
#7 C:\Users\ASUS\Downloads\Telegram Desktop\backend\backend\system\CodeIgniter.php(326): CodeIgniter\CodeIgniter->handleRequest(NULL, Object(Config\Cache), false)
#8 C:\Users\ASUS\Downloads\Telegram Desktop\backend\backend\public\index.php(37): CodeIgniter\CodeIgniter->run()
#9 C:\Users\ASUS\Downloads\Telegram Desktop\backend\backend\system\Commands\Server\rewrite.php(43): require_once('C:\\Users\\ASUS\\D...')
#10 {main}
CRITICAL - 2022-06-03 02:45:49 --> Undefined variable: data
#0 C:\Users\ASUS\Downloads\Telegram Desktop\backend\backend\app\Views\dashboard.php(42): CodeIgniter\Debug\Exceptions->errorHandler(8, 'Undefined varia...', 'C:\\Users\\ASUS\\D...', 42, Array)
#1 C:\Users\ASUS\Downloads\Telegram Desktop\backend\backend\system\View\View.php(210): include('C:\\Users\\ASUS\\D...')
#2 C:\Users\ASUS\Downloads\Telegram Desktop\backend\backend\system\View\View.php(213): CodeIgniter\View\View->CodeIgniter\View\{closure}()
#3 C:\Users\ASUS\Downloads\Telegram Desktop\backend\backend\system\Common.php(1089): CodeIgniter\View\View->render('dashboard', Array, true)
#4 C:\Users\ASUS\Downloads\Telegram Desktop\backend\backend\app\Controllers\Dashboard.php(9): view('dashboard')
#5 C:\Users\ASUS\Downloads\Telegram Desktop\backend\backend\system\CodeIgniter.php(832): App\Controllers\Dashboard->index()
#6 C:\Users\ASUS\Downloads\Telegram Desktop\backend\backend\system\CodeIgniter.php(419): CodeIgniter\CodeIgniter->runController(Object(App\Controllers\Dashboard))
#7 C:\Users\ASUS\Downloads\Telegram Desktop\backend\backend\system\CodeIgniter.php(326): CodeIgniter\CodeIgniter->handleRequest(NULL, Object(Config\Cache), false)
#8 C:\Users\ASUS\Downloads\Telegram Desktop\backend\backend\public\index.php(37): CodeIgniter\CodeIgniter->run()
#9 C:\Users\ASUS\Downloads\Telegram Desktop\backend\backend\system\Commands\Server\rewrite.php(43): require_once('C:\\Users\\ASUS\\D...')
#10 {main}
CRITICAL - 2022-06-03 03:14:08 --> Undefined variable: data
#0 C:\Users\ASUS\Downloads\Telegram Desktop\backend\backend\app\Views\dashboard.php(42): CodeIgniter\Debug\Exceptions->errorHandler(8, 'Undefined varia...', 'C:\\Users\\ASUS\\D...', 42, Array)
#1 C:\Users\ASUS\Downloads\Telegram Desktop\backend\backend\system\View\View.php(210): include('C:\\Users\\ASUS\\D...')
#2 C:\Users\ASUS\Downloads\Telegram Desktop\backend\backend\system\View\View.php(213): CodeIgniter\View\View->CodeIgniter\View\{closure}()
#3 C:\Users\ASUS\Downloads\Telegram Desktop\backend\backend\system\Common.php(1089): CodeIgniter\View\View->render('dashboard', Array, true)
#4 C:\Users\ASUS\Downloads\Telegram Desktop\backend\backend\app\Controllers\Dashboard.php(9): view('dashboard')
#5 C:\Users\ASUS\Downloads\Telegram Desktop\backend\backend\system\CodeIgniter.php(832): App\Controllers\Dashboard->index()
#6 C:\Users\ASUS\Downloads\Telegram Desktop\backend\backend\system\CodeIgniter.php(419): CodeIgniter\CodeIgniter->runController(Object(App\Controllers\Dashboard))
#7 C:\Users\ASUS\Downloads\Telegram Desktop\backend\backend\system\CodeIgniter.php(326): CodeIgniter\CodeIgniter->handleRequest(NULL, Object(Config\Cache), false)
#8 C:\Users\ASUS\Downloads\Telegram Desktop\backend\backend\public\index.php(37): CodeIgniter\CodeIgniter->run()
#9 C:\Users\ASUS\Downloads\Telegram Desktop\backend\backend\system\Commands\Server\rewrite.php(43): require_once('C:\\Users\\ASUS\\D...')
#10 {main}
CRITICAL - 2022-06-03 03:14:09 --> Undefined variable: data
#0 C:\Users\ASUS\Downloads\Telegram Desktop\backend\backend\app\Views\dashboard.php(42): CodeIgniter\Debug\Exceptions->errorHandler(8, 'Undefined varia...', 'C:\\Users\\ASUS\\D...', 42, Array)
#1 C:\Users\ASUS\Downloads\Telegram Desktop\backend\backend\system\View\View.php(210): include('C:\\Users\\ASUS\\D...')
#2 C:\Users\ASUS\Downloads\Telegram Desktop\backend\backend\system\View\View.php(213): CodeIgniter\View\View->CodeIgniter\View\{closure}()
#3 C:\Users\ASUS\Downloads\Telegram Desktop\backend\backend\system\Common.php(1089): CodeIgniter\View\View->render('dashboard', Array, true)
#4 C:\Users\ASUS\Downloads\Telegram Desktop\backend\backend\app\Controllers\Dashboard.php(9): view('dashboard')
#5 C:\Users\ASUS\Downloads\Telegram Desktop\backend\backend\system\CodeIgniter.php(832): App\Controllers\Dashboard->index()
#6 C:\Users\ASUS\Downloads\Telegram Desktop\backend\backend\system\CodeIgniter.php(419): CodeIgniter\CodeIgniter->runController(Object(App\Controllers\Dashboard))
#7 C:\Users\ASUS\Downloads\Telegram Desktop\backend\backend\system\CodeIgniter.php(326): CodeIgniter\CodeIgniter->handleRequest(NULL, Object(Config\Cache), false)
#8 C:\Users\ASUS\Downloads\Telegram Desktop\backend\backend\public\index.php(37): CodeIgniter\CodeIgniter->run()
#9 C:\Users\ASUS\Downloads\Telegram Desktop\backend\backend\system\Commands\Server\rewrite.php(43): require_once('C:\\Users\\ASUS\\D...')
#10 {main}
